2026-05-13 12:24:52 [INFO] ====== GDriveSync е•ҹеӢ• ======
2026-05-13 12:24:52 [INFO] иіҮж–ҷеә«еҲқе§ӢеҢ–е®ҢжҲҗ
2026-05-13 12:24:53 [ERROR] Token refresh еӨұж•—пјҡ('invalid_grant: Token has been expired or revoked.', {'error': 'invalid_grant', 'error_description': 'Token has been expired or revoked.'})
2026-05-13 12:24:53 [INFO] Please visit this URL to authorize this application: https://accounts.google.com/o/oauth2/auth?response_type=code&client_id=794990983156-mtia5joq5hlhbfn5v8u4osv40cjqjb5q.apps.googleusercontent.com&redirect_uri=http%3A%2F%2Flocalhost%3A61882%2F&scope=https%3A%2F%2Fwww.googleapis.com%2Fauth%2Fdrive&state=KQ9qwKWGG5gYNTQTwZMUgIsusvmXKJ&code_challenge=MsZJonsPZXqsYmN0RP6Xxz5mEa5j9OndxrGY7GVoo74&code_challenge_method=S256&access_type=offline
2026-05-13 12:25:08 [INFO] "GET /?state=KQ9qwKWGG5gYNTQTwZMUgIsusvmXKJ&iss=https://accounts.google.com&code=4/0AeoWuM_z1auksNquaT4ANi1zOrshLnAhSc90UDbGs59SyozzulTIeTSXIgFeXI6fTvj0HQ&scope=https://www.googleapis.com/auth/drive HTTP/1.1" 200 65
2026-05-13 12:25:08 [INFO] йҰ–ж¬ЎжҺҲж¬Ҡе®ҢжҲҗ
2026-05-13 12:25:08 [ERROR] з„Ўжі•еҸ–еҫ— Drive serviceпјҡ[Errno 13] Permission denied: 'C:/GDriveSync\\token.json'
2026-05-13 12:29:06 [INFO] ====== GDriveSync е•ҹеӢ• ======
2026-05-13 12:29:06 [INFO] иіҮж–ҷеә«еҲқе§ӢеҢ–е®ҢжҲҗ
2026-05-13 12:29:07 [ERROR] Token refresh еӨұж•—пјҡ('invalid_grant: Token has been expired or revoked.', {'error': 'invalid_grant', 'error_description': 'Token has been expired or revoked.'})
2026-05-13 12:29:07 [INFO] Please visit this URL to authorize this application: https://accounts.google.com/o/oauth2/auth?response_type=code&client_id=794990983156-mtia5joq5hlhbfn5v8u4osv40cjqjb5q.apps.googleusercontent.com&redirect_uri=http%3A%2F%2Flocalhost%3A62253%2F&scope=https%3A%2F%2Fwww.googleapis.com%2Fauth%2Fdrive&state=IioIAWskZOGi68owNu4Bw9LaVOZNQ0&code_challenge=-L3KbvEriKOdL47070vy2nqqamSJ0ZwOtt54uVqE6AQ&code_challenge_method=S256&access_type=offline
2026-05-13 12:29:14 [INFO] "GET /?state=IioIAWskZOGi68owNu4Bw9LaVOZNQ0&iss=https://accounts.google.com&code=4/0AeoWuM9osITueoIRwfZ0PPeF0HtGGQeBeoCx84-ZCAVXH0cffHA_OaN-EBYjYHUPVIZAXw&scope=https://www.googleapis.com/auth/drive HTTP/1.1" 200 65
2026-05-13 12:29:14 [INFO] йҰ–ж¬ЎжҺҲж¬Ҡе®ҢжҲҗ
2026-05-13 12:29:14 [ERROR] з„Ўжі•еҸ–еҫ— Drive serviceпјҡ[Errno 13] Permission denied: 'C:/GDriveSync\\token.json'
2026-05-13 12:31:35 [INFO] ====== GDriveSync е•ҹеӢ• ======
2026-05-13 12:31:35 [INFO] иіҮж–ҷеә«еҲқе§ӢеҢ–е®ҢжҲҗ
2026-05-13 12:31:35 [INFO] Please visit this URL to authorize this application: https://accounts.google.com/o/oauth2/auth?response_type=code&client_id=794990983156-mtia5joq5hlhbfn5v8u4osv40cjqjb5q.apps.googleusercontent.com&redirect_uri=http%3A%2F%2Flocalhost%3A62504%2F&scope=https%3A%2F%2Fwww.googleapis.com%2Fauth%2Fdrive&state=BZbqhIiJj3WavV3ShXssA57LFiXBKH&code_challenge=AeoCx_dmrb7CHb4mMrz6rDANdKb5s9-ePSnuFiDxZL8&code_challenge_method=S256&access_type=offline
2026-05-13 12:31:42 [INFO] "GET /?state=BZbqhIiJj3WavV3ShXssA57LFiXBKH&iss=https://accounts.google.com&code=4/0AeoWuM8v-Rr_BRCyDZWvoJ28gJaWPpzqIvrogcZcuVRnCsaGYUmZVlHXgCHkfv7dq5JdSg&scope=https://www.googleapis.com/auth/drive HTTP/1.1" 200 65
2026-05-13 12:31:42 [INFO] йҰ–ж¬ЎжҺҲж¬Ҡе®ҢжҲҗ
2026-05-13 12:31:42 [INFO] file_cache is only supported with oauth2client<4.0.0
2026-05-13 12:31:43 [INFO] [NAS] йҖЈз·ҡжӯЈеёёпјҡ\\192.168.120.31\RawDataAI\YP\YPjob
2026-05-13 12:31:43 [INFO] --- й–Ӣе§ӢеўһйҮҸеҗҢжӯҘ ---
2026-05-13 12:31:51 [INFO] [NASи®ҖеҸ–] Action.pdf (NASеӢқ)
2026-05-13 12:31:54 [INFO] [Driveж–°еўһ] Action.pdf
2026-05-13 12:31:55 [INFO] [дёӢијүжӣҙж–°] IMG_9717.PNG (DriveеӢқ)
2026-05-13 12:31:55 [INFO] [NASеҜ«е…Ҙ] IMG_9717.PNG
2026-05-13 12:31:55 [INFO] [еҲӘйҷӨжң¬ең°] 20260505_FMCS_weekly17.pptx
2026-05-13 12:31:56 [INFO] [DriveеҲӘйҷӨ] 20260505_FMCS_weekly17.pptx
2026-05-13 12:31:56 [INFO] [NASи®ҖеҸ–] 2026-Weekly-Calendar-0512-1428.xlsx (NASеӢқ)
2026-05-13 12:32:05 [INFO] [Driveж–°еўһ] 2026-Weekly-Calendar-0512-1428.xlsx
2026-05-13 12:32:05 [INFO] [еҲӘйҷӨжң¬ең°] 2026з’°е» иҷ•е“ҒиіӘжңҲжңҹдёӯе ұе‘Ҡ-иЎҢеӢ•е‘ҠиӯҰAPP-0429-1653-FMCS.pdf
2026-05-13 12:32:06 [INFO] [DriveеҲӘйҷӨ] 2026з’°е» иҷ•е“ҒиіӘжңҲжңҹдёӯе ұе‘Ҡ-иЎҢеӢ•е‘ҠиӯҰAPP-0429-1653-FMCS.pdf
2026-05-13 12:32:06 [INFO] [NASи®ҖеҸ–] Raw_Data_for_зӣЈжҺ§жҺЁж’ӯеӨұж•Ҳ (3).xlsx (NASеӢқ)
2026-05-13 12:32:09 [INFO] [Driveж–°еўһ] Raw_Data_for_зӣЈжҺ§жҺЁж’ӯеӨұж•Ҳ (3).xlsx
2026-05-13 12:32:09 [INFO] [еҲӘйҷӨжң¬ең°] 2026-Weekly-Calendar-0429-1419.xlsx
2026-05-13 12:32:10 [INFO] [DriveеҲӘйҷӨ] 2026-Weekly-Calendar-0429-1419.xlsx
2026-05-13 12:32:10 [INFO] [NASи®ҖеҸ–] 2026з’°дҝқе» еӢҷиҷ•жңҹдёӯе ұе‘Ҡ05011.pptx (NASеӢқ)
2026-05-13 12:34:34 [INFO] [Driveж–°еўһ] 2026з’°дҝқе» еӢҷиҷ•жңҹдёӯе ұе‘Ҡ05011.pptx
2026-05-13 12:34:35 [INFO] [NASи®ҖеҸ–] Raw_Data for 2025е№ҙеәҰ SYе» з’°иӯҰе ұз°ЎиЁҠеӨұж•Ҳж¬Ўж•ё.xlsx (NASеӢқ)
2026-05-13 12:34:38 [INFO] [Driveж–°еўһ] Raw_Data for 2025е№ҙеәҰ SYе» з’°иӯҰе ұз°ЎиЁҠеӨұж•Ҳж¬Ўж•ё.xlsx
2026-05-13 12:34:38 [INFO] [еҲӘйҷӨжң¬ең°] еЎ«еҜ«жӘ”_е°ҲжЎҲ2_зӣЈжҺ§иӯҰе ұжҷәж…§иЎҢеӢ•жҢҮеј•_жһ—иӮІе№і0429-1419.pptx
2026-05-13 12:34:39 [INFO] [DriveеҲӘйҷӨ] еЎ«еҜ«жӘ”_е°ҲжЎҲ2_зӣЈжҺ§иӯҰе ұжҷәж…§иЎҢеӢ•жҢҮеј•_жһ—иӮІе№і0429-1419.pptx
2026-05-13 12:34:39 [INFO] [еҲӘйҷӨжң¬ең°] 2026з’°е» иҷ•е“ҒиіӘжңҲжңҹдёӯе ұе‘Ҡ-иЎҢеӢ•е‘ҠиӯҰAPP-0508-1351-FMCS.pptx
2026-05-13 12:34:40 [INFO] [DriveеҲӘйҷӨ] 2026з’°е» иҷ•е“ҒиіӘжңҲжңҹдёӯе ұе‘Ҡ-иЎҢеӢ•е‘ҠиӯҰAPP-0508-1351-FMCS.pptx
2026-05-13 12:34:40 [INFO] [NASи®ҖеҸ–] 2026з’°е» иҷ•е“ҒиіӘжңҲжңҹдёӯе ұе‘Ҡ-иЎҢеӢ•е‘ҠиӯҰAPP-0513-1007-FMCS.pptx (NASеӢқ)
2026-05-13 12:36:04 [INFO] ====== GDriveSync е•ҹеӢ• ======
2026-05-13 12:36:04 [INFO] иіҮж–ҷеә«еҲқе§ӢеҢ–е®ҢжҲҗ
2026-05-13 12:36:04 [INFO] file_cache is only supported with oauth2client<4.0.0
2026-05-13 12:36:04 [INFO] [NAS] йҖЈз·ҡжӯЈеёёпјҡ\\192.168.120.31\RawDataAI\YP\YPjob
2026-05-13 12:36:04 [INFO] --- й–Ӣе§ӢеўһйҮҸеҗҢжӯҘ ---
2026-05-13 12:36:39 [INFO] [дёӢијүжӣҙж–°] 2026-Weekly-Calendar-0512-1428.xlsx (DriveеӢқ)
2026-05-13 12:36:39 [INFO] [NASеҜ«е…Ҙ] 2026-Weekly-Calendar-0512-1428.xlsx
2026-05-13 12:36:39 [INFO] [иЎқзӘҒи§Јжұә] 2026з’°е» иҷ•е“ҒиіӘжңҲжңҹдёӯе ұе‘Ҡ-иЎҢеӢ•е‘ҠиӯҰAPP-0513-1007-FMCS.pptx вҶ’ local еӢқеҮә
2026-05-13 12:39:06 [INFO] [Driveж–°еўһ] 2026з’°е» иҷ•е“ҒиіӘжңҲжңҹдёӯе ұе‘Ҡ-иЎҢеӢ•е‘ҠиӯҰAPP-0513-1007-FMCS.pptx
2026-05-13 12:39:09 [INFO] [дёӢијүжӣҙж–°] IMG_9716.PNG (DriveеӢқ)
2026-05-13 12:39:09 [INFO] [NASеҜ«е…Ҙ] IMG_9716.PNG
2026-05-13 12:39:09 [INFO] [NASи®ҖеҸ–] Raw_Data_for_зӣЈжҺ§жҺЁж’ӯеӨұж•Ҳ.xlsx (NASеӢқ)
2026-05-13 12:39:11 [INFO] [Driveж–°еўһ] Raw_Data_for_зӣЈжҺ§жҺЁж’ӯеӨұж•Ҳ.xlsx
2026-05-13 12:39:11 [INFO] [NASи®ҖеҸ–] abnormal.xlsx (NASеӢқ)
2026-05-13 12:39:14 [INFO] [Driveж–°еўһ] abnormal.xlsx
2026-05-13 12:39:14 [INFO] [еҲӘйҷӨжң¬ең°] еЎ«еҜ«жӘ”_е°ҲжЎҲ2_зӣЈжҺ§иӯҰе ұжҷәж…§иЎҢеӢ•жҢҮеј•_жһ—иӮІе№і0505-1700.pptx
2026-05-13 12:39:15 [INFO] [DriveеҲӘйҷӨ] еЎ«еҜ«жӘ”_е°ҲжЎҲ2_зӣЈжҺ§иӯҰе ұжҷәж…§иЎҢеӢ•жҢҮеј•_жһ—иӮІе№і0505-1700.pptx
2026-05-13 12:39:15 [INFO] [NASи®ҖеҸ–] еЎ«еҜ«жӘ”_е°ҲжЎҲ2_зӣЈжҺ§иӯҰе ұжҷәж…§иЎҢеӢ•жҢҮеј•_жһ—иӮІе№і0512-1428.pptx (NASеӢқ)
2026-05-13 12:39:17 [INFO] [Driveж–°еўһ] еЎ«еҜ«жӘ”_е°ҲжЎҲ2_зӣЈжҺ§иӯҰе ұжҷәж…§иЎҢеӢ•жҢҮеј•_жһ—иӮІе№і0512-1428.pptx
2026-05-13 12:39:17 [INFO] [еҲӘйҷӨжң¬ең°] 2026з’°е» иҷ•е“ҒиіӘжңҲжңҹдёӯе ұе‘Ҡ-иЎҢеӢ•е‘ҠиӯҰAPP-0429-1653-FMCS.pptx
2026-05-13 12:39:18 [INFO] [DriveеҲӘйҷӨ] 2026з’°е» иҷ•е“ҒиіӘжңҲжңҹдёӯе ұе‘Ҡ-иЎҢеӢ•е‘ҠиӯҰAPP-0429-1653-FMCS.pptx
2026-05-13 12:39:18 [INFO] [иЎқзӘҒи§Јжұә] 2026з’°е» иҷ•е“ҒиіӘжңҲжңҹдёӯе ұе‘Ҡ-иЎҢеӢ•е‘ҠиӯҰAPP-0512-1428-FMCS.pptx вҶ’ local еӢқеҮә
2026-05-13 12:40:36 [INFO] [Driveж–°еўһ] 2026з’°е» иҷ•е“ҒиіӘжңҲжңҹдёӯе ұе‘Ҡ-иЎҢеӢ•е‘ҠиӯҰAPP-0513-1007-FMCS.pptx
2026-05-13 12:40:37 [INFO] [NASеҜ«е…Ҙ] 2026з’°е» иҷ•е“ҒиіӘжңҲжңҹдёӯе ұе‘Ҡ-иЎҢеӢ•е‘ҠиӯҰAPP-0513-1007-FMCS.pptx
2026-05-13 12:40:47 [INFO] [дёӢијүжӣҙж–°] Raw_Data_for_зӣЈжҺ§жҺЁж’ӯеӨұж•Ҳ (3).xlsx (DriveеӢқ)
2026-05-13 12:40:49 [INFO] [NASеҜ«е…Ҙ] Raw_Data_for_зӣЈжҺ§жҺЁж’ӯеӨұж•Ҳ (3).xlsx
2026-05-13 12:40:49 [INFO] [NASи®ҖеҸ–] 2025 FMCS Program.pptx (NASеӢқ)
2026-05-13 12:43:25 [INFO] [Driveж–°еўһ] 2026з’°е» иҷ•е“ҒиіӘжңҲжңҹдёӯе ұе‘Ҡ-иЎҢеӢ•е‘ҠиӯҰAPP-0512-1428-FMCS.pptx
2026-05-13 12:43:26 [INFO] [NASеҜ«е…Ҙ] 2026з’°е» иҷ•е“ҒиіӘжңҲжңҹдёӯе ұе‘Ҡ-иЎҢеӢ•е‘ҠиӯҰAPP-0512-1428-FMCS.pptx
2026-05-13 12:43:28 [INFO] [NASи®ҖеҸ–] 2025 FMCS Program.pptx (NASеӢқ)
2026-05-13 12:44:28 [ERROR] [йҢҜиӘӨ] иҷ•зҗҶ 2025 FMCS Program.pptxпјҡThe read operation timed out
2026-05-13 12:44:28 [INFO] [иЎқзӘҒи§Јжұә] 2026з’°е» иҷ•е“ҒиіӘжңҲжңҹдёӯе ұе‘Ҡ-иЎҢеӢ•е‘ҠиӯҰAPP-0512-1428-FMCS.pptx вҶ’ local еӢқеҮә
2026-05-13 12:46:01 [INFO] [Driveжӣҙж–°] 2025 FMCS Program.pptx
2026-05-13 12:46:01 [INFO] [еҲӘйҷӨжң¬ең°] 2026з’°е» иҷ•е“ҒиіӘжңҲжңҹдёӯе ұе‘Ҡ-иЎҢеӢ•е‘ҠиӯҰAPP-0505-1700-FMCS.pptx
2026-05-13 12:46:02 [INFO] [DriveеҲӘйҷӨ] 2026з’°е» иҷ•е“ҒиіӘжңҲжңҹдёӯе ұе‘Ҡ-иЎҢеӢ•е‘ҠиӯҰAPP-0505-1700-FMCS.pptx
2026-05-13 12:46:02 [INFO] --- еўһйҮҸеҗҢжӯҘе®ҢжҲҗпјҢpageToken е·Іжӣҙж–° ---
2026-05-13 12:46:06 [INFO] [GitHub] sync.log е·ІжҺЁйҖҒиҮі https://github.com/cruz6739/GDriveSync-log
2026-05-13 12:46:06 [INFO] ====== GDriveSync зөҗжқҹ ======

2026-05-13 12:47:22 [INFO] [Driveж–°еўһ] 2026з’°е» иҷ•е“ҒиіӘжңҲжңҹдёӯе ұе‘Ҡ-иЎҢеӢ•е‘ҠиӯҰAPP-0512-1428-FMCS.pptx
2026-05-13 12:47:23 [INFO] [NASеҜ«е…Ҙ] 2026з’°е» иҷ•е“ҒиіӘжңҲжңҹдёӯе ұе‘Ҡ-иЎҢеӢ•е‘ҠиӯҰAPP-0512-1428-FMCS.pptx
2026-05-13 12:49:06 [INFO] [дёӢијүжӣҙж–°] 2026з’°дҝқе» еӢҷиҷ•жңҹдёӯе ұе‘Ҡ05011.pptx (DriveеӢқ)
2026-05-13 12:49:08 [INFO] [NASеҜ«е…Ҙ] 2026з’°дҝқе» еӢҷиҷ•жңҹдёӯе ұе‘Ҡ05011.pptx
2026-05-13 12:49:20 [INFO] [дёӢијүжӣҙж–°] IMG_9716.PNG (DriveеӢқ)
2026-05-13 12:49:20 [INFO] [NASеҜ«е…Ҙ] IMG_9716.PNG
2026-05-13 12:49:20 [INFO] [NASи®ҖеҸ–] Raw_Data_for_зӣЈжҺ§жҺЁж’ӯеӨұж•Ҳ.xlsx (NASеӢқ)
2026-05-13 12:49:23 [INFO] [Driveж–°еўһ] Raw_Data_for_зӣЈжҺ§жҺЁж’ӯеӨұж•Ҳ.xlsx
2026-05-13 12:49:24 [INFO] [DriveеҲӘйҷӨ] 2026з’°е» иҷ•е“ҒиіӘжңҲжңҹдёӯе ұе‘Ҡ-иЎҢеӢ•е‘ҠиӯҰAPP-0505-1700-FMCS.pptx
2026-05-13 12:49:24 [INFO] [NASи®ҖеҸ–] abnormal.xlsx (NASеӢқ)
2026-05-13 12:49:26 [INFO] [Driveж–°еўһ] abnormal.xlsx
2026-05-13 12:49:27 [INFO] [дёӢијүжӣҙж–°] IMG_9717.PNG (DriveеӢқ)
2026-05-13 12:49:28 [INFO] [NASеҜ«е…Ҙ] IMG_9717.PNG
2026-05-13 12:49:29 [INFO] [дёӢијүжӣҙж–°] Raw_Data for 2025е№ҙеәҰ SYе» з’°иӯҰе ұз°ЎиЁҠеӨұж•Ҳж¬Ўж•ё.xlsx (DriveеӢқ)
2026-05-13 12:49:29 [INFO] [NASеҜ«е…Ҙ] Raw_Data for 2025е№ҙеәҰ SYе» з’°иӯҰе ұз°ЎиЁҠеӨұж•Ҳж¬Ўж•ё.xlsx
2026-05-13 12:49:30 [INFO] [DriveеҲӘйҷӨ] еЎ«еҜ«жӘ”_е°ҲжЎҲ2_зӣЈжҺ§иӯҰе ұжҷәж…§иЎҢеӢ•жҢҮеј•_жһ—иӮІе№і0505-1700.pptx
2026-05-13 12:49:31 [INFO] [дёӢијүжӣҙж–°] Action.pdf (DriveеӢқ)
2026-05-13 12:49:32 [INFO] [NASеҜ«е…Ҙ] Action.pdf
2026-05-13 12:49:32 [INFO] [NASи®ҖеҸ–] еЎ«еҜ«жӘ”_е°ҲжЎҲ2_зӣЈжҺ§иӯҰе ұжҷәж…§иЎҢеӢ•жҢҮеј•_жһ—иӮІе№і0512-1428.pptx (NASеӢқ)
2026-05-13 12:49:34 [INFO] [Driveж–°еўһ] еЎ«еҜ«жӘ”_е°ҲжЎҲ2_зӣЈжҺ§иӯҰе ұжҷәж…§иЎҢеӢ•жҢҮеј•_жһ—иӮІе№і0512-1428.pptx
2026-05-13 12:49:34 [INFO] [DriveеҲӘйҷӨ] 2026з’°е» иҷ•е“ҒиіӘжңҲжңҹдёӯе ұе‘Ҡ-иЎҢеӢ•е‘ҠиӯҰAPP-0429-1653-FMCS.pptx
2026-05-13 12:49:34 [INFO] --- еўһйҮҸеҗҢжӯҘе®ҢжҲҗпјҢpageToken е·Іжӣҙж–° ---
2026-05-13 12:49:37 [INFO] [GitHub] sync.log е·ІжҺЁйҖҒиҮі https://github.com/cruz6739/GDriveSync-log
2026-05-13 12:49:37 [INFO] ====== GDriveSync зөҗжқҹ ======

2026-05-13 12:50:36 [INFO] ====== GDriveSync е•ҹеӢ• ======
2026-05-13 12:50:36 [INFO] иіҮж–ҷеә«еҲқе§ӢеҢ–е®ҢжҲҗ
2026-05-13 12:50:36 [INFO] file_cache is only supported with oauth2client<4.0.0
2026-05-13 12:50:36 [INFO] [NAS] йҖЈз·ҡжӯЈеёёпјҡ\\192.168.120.31\RawDataAI\YP\YPjob
2026-05-13 12:50:36 [INFO] --- й–Ӣе§ӢеўһйҮҸеҗҢжӯҘ ---
2026-05-13 12:51:15 [INFO] [дёӢијүжӣҙж–°] Raw_Data_for_зӣЈжҺ§жҺЁж’ӯеӨұж•Ҳ.xlsx (DriveеӢқ)
2026-05-13 12:51:15 [INFO] [NASеҜ«е…Ҙ] Raw_Data_for_зӣЈжҺ§жҺЁж’ӯеӨұж•Ҳ.xlsx
2026-05-13 12:51:50 [INFO] [дёӢијүжӣҙж–°] 2025 FMCS Program.pptx (DriveеӢқ)
2026-05-13 12:51:52 [INFO] [NASеҜ«е…Ҙ] 2025 FMCS Program.pptx
2026-05-13 12:52:00 [INFO] [дёӢијүжӣҙж–°] abnormal.xlsx (DriveеӢқ)
2026-05-13 12:52:00 [INFO] [NASеҜ«е…Ҙ] abnormal.xlsx
2026-05-13 12:52:44 [INFO] [дёӢијүжӣҙж–°] 2026з’°е» иҷ•е“ҒиіӘжңҲжңҹдёӯе ұе‘Ҡ-иЎҢеӢ•е‘ҠиӯҰAPP-0513-1007-FMCS.pptx (DriveеӢқ)
2026-05-13 12:52:45 [INFO] [NASеҜ«е…Ҙ] 2026з’°е» иҷ•е“ҒиіӘжңҲжңҹдёӯе ұе‘Ҡ-иЎҢеӢ•е‘ҠиӯҰAPP-0513-1007-FMCS.pptx
2026-05-13 12:53:10 [INFO] ====== GDriveSync е•ҹеӢ• ======
2026-05-13 12:53:10 [INFO] иіҮж–ҷеә«еҲқе§ӢеҢ–е®ҢжҲҗ
2026-05-13 12:53:10 [INFO] file_cache is only supported with oauth2client<4.0.0
2026-05-13 12:53:10 [INFO] [NAS] йҖЈз·ҡжӯЈеёёпјҡ\\192.168.120.31\RawDataAI\YP\YPjob
2026-05-13 12:53:10 [INFO] --- й–Ӣе§ӢеўһйҮҸеҗҢжӯҘ ---
2026-05-13 12:53:45 [INFO] [дёӢијүжӣҙж–°] 2026з’°е» иҷ•е“ҒиіӘжңҲжңҹдёӯе ұе‘Ҡ-иЎҢеӢ•е‘ҠиӯҰAPP-0512-1428-FMCS.pptx (DriveеӢқ)
2026-05-13 12:53:46 [INFO] [иЎқзӘҒи§Јжұә] 2026з’°е» иҷ•е“ҒиіӘжңҲжңҹдёӯе ұе‘Ҡ-иЎҢеӢ•е‘ҠиӯҰAPP-0512-1428-FMCS.pptx вҶ’ nas еӢқеҮә
2026-05-13 12:53:46 [ERROR] [йҢҜиӘӨ] иҷ•зҗҶ 2026з’°е» иҷ•е“ҒиіӘжңҲжңҹдёӯе ұе‘Ҡ-иЎҢеӢ•е‘ҠиӯҰAPP-0512-1428-FMCS.pptxпјҡ[WinError 32] зЁӢеәҸз„Ўжі•еӯҳеҸ–жӘ”жЎҲпјҢеӣ зӮәжӘ”жЎҲжӯЈз”ұеҸҰдёҖеҖӢзЁӢеәҸдҪҝз”ЁгҖӮ
2026-05-13 12:53:46 [INFO] [NASеҜ«е…Ҙ] 2026з’°е» иҷ•е“ҒиіӘжңҲжңҹдёӯе ұе‘Ҡ-иЎҢеӢ•е‘ҠиӯҰAPP-0512-1428-FMCS.pptx
2026-05-13 12:53:48 [INFO] [дёӢијүжӣҙж–°] abnormal.xlsx (DriveеӢқ)
2026-05-13 12:53:48 [INFO] [NASеҜ«е…Ҙ] abnormal.xlsx
2026-05-13 12:53:49 [INFO] [дёӢијүжӣҙж–°] еЎ«еҜ«жӘ”_е°ҲжЎҲ2_зӣЈжҺ§иӯҰе ұжҷәж…§иЎҢеӢ•жҢҮеј•_жһ—иӮІе№і0512-1428.pptx (DriveеӢқ)
2026-05-13 12:53:49 [INFO] [NASеҜ«е…Ҙ] еЎ«еҜ«жӘ”_е°ҲжЎҲ2_зӣЈжҺ§иӯҰе ұжҷәж…§иЎҢеӢ•жҢҮеј•_жһ—иӮІе№і0512-1428.pptx
2026-05-13 12:53:57 [INFO] [дёӢијүжӣҙж–°] еЎ«еҜ«жӘ”_е°ҲжЎҲ2_зӣЈжҺ§иӯҰе ұжҷәж…§иЎҢеӢ•жҢҮеј•_жһ—иӮІе№і0512-1428.pptx (DriveеӢқ)
2026-05-13 12:53:57 [INFO] [NASеҜ«е…Ҙ] еЎ«еҜ«жӘ”_е°ҲжЎҲ2_зӣЈжҺ§иӯҰе ұжҷәж…§иЎҢеӢ•жҢҮеј•_жһ—иӮІе№і0512-1428.pptx
2026-05-13 12:53:57 [INFO] --- еўһйҮҸеҗҢжӯҘе®ҢжҲҗпјҢpageToken е·Іжӣҙж–° ---
2026-05-13 12:54:00 [INFO] [GitHub] sync.log е·ІжҺЁйҖҒиҮі https://github.com/cruz6739/GDriveSync-log
2026-05-13 12:54:00 [INFO] ====== GDriveSync зөҗжқҹ ======

2026-05-13 12:54:33 [INFO] [дёӢијүжӣҙж–°] 2025 FMCS Program.pptx (DriveеӢқ)
2026-05-13 12:54:34 [INFO] [NASеҜ«е…Ҙ] 2025 FMCS Program.pptx
2026-05-13 12:54:42 [INFO] [дёӢијүжӣҙж–°] Raw_Data_for_зӣЈжҺ§жҺЁж’ӯеӨұж•Ҳ.xlsx (DriveеӢқ)
2026-05-13 12:54:42 [INFO] [NASеҜ«е…Ҙ] Raw_Data_for_зӣЈжҺ§жҺЁж’ӯеӨұж•Ҳ.xlsx
2026-05-13 12:55:33 [INFO] [дёӢијүжӣҙж–°] 2026з’°е» иҷ•е“ҒиіӘжңҲжңҹдёӯе ұе‘Ҡ-иЎҢеӢ•е‘ҠиӯҰAPP-0513-1007-FMCS.pptx (DriveеӢқ)
2026-05-13 12:55:35 [INFO] [NASеҜ«е…Ҙ] 2026з’°е» иҷ•е“ҒиіӘжңҲжңҹдёӯе ұе‘Ҡ-иЎҢеӢ•е‘ҠиӯҰAPP-0513-1007-FMCS.pptx
2026-05-13 12:55:45 [INFO] --- еўһйҮҸеҗҢжӯҘе®ҢжҲҗпјҢpageToken е·Іжӣҙж–° ---
2026-05-13 12:55:48 [INFO] [GitHub] sync.log е·ІжҺЁйҖҒиҮі https://github.com/cruz6739/GDriveSync-log
2026-05-13 12:55:48 [INFO] ====== GDriveSync зөҗжқҹ ======

2026-05-13 12:56:02 [INFO] ====== GDriveSync е•ҹеӢ• ======
2026-05-13 12:56:02 [INFO] иіҮж–ҷеә«еҲқе§ӢеҢ–е®ҢжҲҗ
2026-05-13 12:56:02 [INFO] file_cache is only supported with oauth2client<4.0.0
2026-05-13 12:56:02 [INFO] [NAS] йҖЈз·ҡжӯЈеёёпјҡ\\192.168.120.31\RawDataAI\YP\YPjob
2026-05-13 12:56:02 [INFO] --- й–Ӣе§ӢеўһйҮҸеҗҢжӯҘ ---
2026-05-13 12:56:41 [INFO] --- еўһйҮҸеҗҢжӯҘе®ҢжҲҗпјҢpageToken е·Іжӣҙж–° ---
2026-05-13 12:56:43 [INFO] [GitHub] sync.log е·ІжҺЁйҖҒиҮі https://github.com/cruz6739/GDriveSync-log
2026-05-13 12:56:43 [INFO] ====== GDriveSync зөҗжқҹ ======

2026-05-13 13:01:02 [INFO] ====== GDriveSync е•ҹеӢ• ======
2026-05-13 13:01:02 [INFO] иіҮж–ҷеә«еҲқе§ӢеҢ–е®ҢжҲҗ
2026-05-13 13:01:02 [INFO] file_cache is only supported with oauth2client<4.0.0
2026-05-13 13:01:02 [INFO] [NAS] йҖЈз·ҡжӯЈеёёпјҡ\\192.168.120.31\RawDataAI\YP\YPjob
2026-05-13 13:01:02 [INFO] --- й–Ӣе§ӢеўһйҮҸеҗҢжӯҘ ---
2026-05-13 13:01:42 [INFO] --- еўһйҮҸеҗҢжӯҘе®ҢжҲҗпјҢpageToken е·Іжӣҙж–° ---
2026-05-13 13:01:44 [INFO] [GitHub] sync.log е·ІжҺЁйҖҒиҮі https://github.com/cruz6739/GDriveSync-log
2026-05-13 13:01:44 [INFO] ====== GDriveSync зөҗжқҹ ======

2026-05-13 13:06:02 [INFO] ====== GDriveSync е•ҹеӢ• ======
2026-05-13 13:06:02 [INFO] иіҮж–ҷеә«еҲқе§ӢеҢ–е®ҢжҲҗ
2026-05-13 13:06:02 [INFO] file_cache is only supported with oauth2client<4.0.0
2026-05-13 13:06:02 [INFO] [NAS] йҖЈз·ҡжӯЈеёёпјҡ\\192.168.120.31\RawDataAI\YP\YPjob
2026-05-13 13:06:02 [INFO] --- й–Ӣе§ӢеўһйҮҸеҗҢжӯҘ ---
2026-05-13 13:06:21 [INFO] [еҲӘйҷӨжң¬ең°] IMG_9716.PNG
2026-05-13 13:06:22 [INFO] [DriveеҲӘйҷӨ] IMG_9716.PNG
2026-05-13 13:06:22 [INFO] [еҲӘйҷӨжң¬ең°] 20260209_FMCS_йҮҚй»һе·ҘдҪңе ұе‘Ҡ.pptx
2026-05-13 13:06:23 [INFO] [DriveеҲӘйҷӨ] 20260209_FMCS_йҮҚй»һе·ҘдҪңе ұе‘Ҡ.pptx
2026-05-13 13:06:23 [INFO] [еҲӘйҷӨжң¬ең°] 2026з’°дҝқе» еӢҷиҷ•жңҹдёӯе ұе‘Ҡ05011.pptx
2026-05-13 13:06:24 [INFO] [DriveеҲӘйҷӨ] 2026з’°дҝқе» еӢҷиҷ•жңҹдёӯе ұе‘Ҡ05011.pptx
2026-05-13 13:06:24 [INFO] [еҲӘйҷӨжң¬ең°] Raw_Data_for_зӣЈжҺ§жҺЁж’ӯеӨұж•Ҳ.xlsx
2026-05-13 13:06:25 [INFO] [DriveеҲӘйҷӨ] Raw_Data_for_зӣЈжҺ§жҺЁж’ӯеӨұж•Ҳ.xlsx
2026-05-13 13:06:25 [INFO] [еҲӘйҷӨжң¬ең°] YM-жҸҗеҚҮе»ўж°ҙзі»зөұжҷәж…§еҢ–-йҷҚдҪҺж”ҫжөҒеҸЈйҠ…йӣўеӯҗжҝғеәҰOOCж¬Ўж•ё Profet AI)-20260430.pptx
2026-05-13 13:06:26 [INFO] [DriveеҲӘйҷӨ] YM-жҸҗеҚҮе»ўж°ҙзі»зөұжҷәж…§еҢ–-йҷҚдҪҺж”ҫжөҒеҸЈйҠ…йӣўеӯҗжҝғеәҰOOCж¬Ўж•ё Profet AI)-20260430.pptx
2026-05-13 13:06:26 [INFO] [еҲӘйҷӨжң¬ең°] 2026з’°е» иҷ•е“ҒиіӘжңҲжңҹдёӯе ұе‘Ҡ-иЎҢеӢ•е‘ҠиӯҰAPP-0512-1428-FMCS.pptx
2026-05-13 13:06:27 [INFO] [DriveеҲӘйҷӨ] 2026з’°е» иҷ•е“ҒиіӘжңҲжңҹдёӯе ұе‘Ҡ-иЎҢеӢ•е‘ҠиӯҰAPP-0512-1428-FMCS.pptx
2026-05-13 13:06:27 [INFO] [еҲӘйҷӨжң¬ең°] IMG_9717.PNG
2026-05-13 13:06:28 [INFO] [DriveеҲӘйҷӨ] IMG_9717.PNG
2026-05-13 13:06:28 [INFO] --- еўһйҮҸеҗҢжӯҘе®ҢжҲҗпјҢpageToken е·Іжӣҙж–° ---
2026-05-13 13:06:30 [INFO] [GitHub] sync.log е·ІжҺЁйҖҒиҮі https://github.com/cruz6739/GDriveSync-log
2026-05-13 13:06:30 [INFO] ====== GDriveSync зөҗжқҹ ======

2026-05-13 13:11:02 [INFO] ====== GDriveSync е•ҹеӢ• ======
2026-05-13 13:11:02 [INFO] иіҮж–ҷеә«еҲқе§ӢеҢ–е®ҢжҲҗ
2026-05-13 13:11:02 [INFO] file_cache is only supported with oauth2client<4.0.0
2026-05-13 13:11:02 [INFO] [NAS] йҖЈз·ҡжӯЈеёёпјҡ\\192.168.120.31\RawDataAI\YP\YPjob
2026-05-13 13:11:02 [INFO] --- й–Ӣе§ӢеўһйҮҸеҗҢжӯҘ ---
2026-05-13 13:11:21 [INFO] --- еўһйҮҸеҗҢжӯҘе®ҢжҲҗпјҢpageToken е·Іжӣҙж–° ---
2026-05-13 13:11:23 [INFO] [GitHub] sync.log е·ІжҺЁйҖҒиҮі https://github.com/cruz6739/GDriveSync-log
2026-05-13 13:11:23 [INFO] ====== GDriveSync зөҗжқҹ ======

2026-05-13 13:16:02 [INFO] ====== GDriveSync е•ҹеӢ• ======
2026-05-13 13:16:02 [INFO] иіҮж–ҷеә«еҲқе§ӢеҢ–е®ҢжҲҗ
2026-05-13 13:16:02 [INFO] file_cache is only supported with oauth2client<4.0.0
2026-05-13 13:16:02 [INFO] [NAS] йҖЈз·ҡжӯЈеёёпјҡ\\192.168.120.31\RawDataAI\YP\YPjob
2026-05-13 13:16:02 [INFO] --- й–Ӣе§ӢеўһйҮҸеҗҢжӯҘ ---
2026-05-13 13:16:21 [INFO] --- еўһйҮҸеҗҢжӯҘе®ҢжҲҗпјҢpageToken е·Іжӣҙж–° ---
2026-05-13 13:16:24 [INFO] [GitHub] sync.log е·ІжҺЁйҖҒиҮі https://github.com/cruz6739/GDriveSync-log
2026-05-13 13:16:24 [INFO] ====== GDriveSync зөҗжқҹ ======

2026-05-13 13:21:02 [INFO] ====== GDriveSync е•ҹеӢ• ======
2026-05-13 13:21:02 [INFO] иіҮж–ҷеә«еҲқе§ӢеҢ–е®ҢжҲҗ
2026-05-13 13:21:02 [INFO] file_cache is only supported with oauth2client<4.0.0
2026-05-13 13:21:02 [INFO] [NAS] йҖЈз·ҡжӯЈеёёпјҡ\\192.168.120.31\RawDataAI\YP\YPjob
2026-05-13 13:21:02 [INFO] --- й–Ӣе§ӢеўһйҮҸеҗҢжӯҘ ---
2026-05-13 13:21:20 [INFO] --- еўһйҮҸеҗҢжӯҘе®ҢжҲҗпјҢpageToken е·Іжӣҙж–° ---
2026-05-13 13:21:23 [INFO] [GitHub] sync.log е·ІжҺЁйҖҒиҮі https://github.com/cruz6739/GDriveSync-log
2026-05-13 13:21:23 [INFO] ====== GDriveSync зөҗжқҹ ======

2026-05-13 13:26:02 [INFO] ====== GDriveSync е•ҹеӢ• ======
2026-05-13 13:26:02 [INFO] иіҮж–ҷеә«еҲқе§ӢеҢ–е®ҢжҲҗ
2026-05-13 13:26:02 [INFO] file_cache is only supported with oauth2client<4.0.0
2026-05-13 13:26:02 [INFO] [NAS] йҖЈз·ҡжӯЈеёёпјҡ\\192.168.120.31\RawDataAI\YP\YPjob
2026-05-13 13:26:02 [INFO] --- й–Ӣе§ӢеўһйҮҸеҗҢжӯҘ ---
2026-05-13 13:26:21 [INFO] --- еўһйҮҸеҗҢжӯҘе®ҢжҲҗпјҢpageToken е·Іжӣҙж–° ---
2026-05-13 13:26:23 [INFO] [GitHub] sync.log е·ІжҺЁйҖҒиҮі https://github.com/cruz6739/GDriveSync-log
2026-05-13 13:26:23 [INFO] ====== GDriveSync зөҗжқҹ ======

2026-05-13 13:31:02 [INFO] ====== GDriveSync е•ҹеӢ• ======
2026-05-13 13:31:02 [INFO] иіҮж–ҷеә«еҲқе§ӢеҢ–е®ҢжҲҗ
2026-05-13 13:31:03 [INFO] Token refresh жҲҗеҠҹ
2026-05-13 13:31:03 [INFO] file_cache is only supported with oauth2client<4.0.0
2026-05-13 13:31:03 [INFO] [NAS] йҖЈз·ҡжӯЈеёёпјҡ\\192.168.120.31\RawDataAI\YP\YPjob
2026-05-13 13:31:03 [INFO] --- й–Ӣе§ӢеўһйҮҸеҗҢжӯҘ ---
2026-05-13 13:31:21 [INFO] --- еўһйҮҸеҗҢжӯҘе®ҢжҲҗпјҢpageToken е·Іжӣҙж–° ---
2026-05-13 13:31:23 [INFO] [GitHub] sync.log е·ІжҺЁйҖҒиҮі https://github.com/cruz6739/GDriveSync-log
2026-05-13 13:31:23 [INFO] ====== GDriveSync зөҗжқҹ ======

2026-05-13 13:36:02 [INFO] ====== GDriveSync е•ҹеӢ• ======
2026-05-13 13:36:02 [INFO] иіҮж–ҷеә«еҲқе§ӢеҢ–е®ҢжҲҗ
2026-05-13 13:36:02 [INFO] file_cache is only supported with oauth2client<4.0.0
2026-05-13 13:36:02 [INFO] [NAS] йҖЈз·ҡжӯЈеёёпјҡ\\192.168.120.31\RawDataAI\YP\YPjob
2026-05-13 13:36:02 [INFO] --- й–Ӣе§ӢеўһйҮҸеҗҢжӯҘ ---
2026-05-13 13:36:19 [INFO] --- еўһйҮҸеҗҢжӯҘе®ҢжҲҗпјҢpageToken е·Іжӣҙж–° ---
2026-05-13 13:36:21 [INFO] [GitHub] sync.log е·ІжҺЁйҖҒиҮі https://github.com/cruz6739/GDriveSync-log
2026-05-13 13:36:21 [INFO] ====== GDriveSync зөҗжқҹ ======

2026-05-13 13:41:02 [INFO] ====== GDriveSync е•ҹеӢ• ======
2026-05-13 13:41:02 [INFO] иіҮж–ҷеә«еҲқе§ӢеҢ–е®ҢжҲҗ
2026-05-13 13:41:02 [INFO] file_cache is only supported with oauth2client<4.0.0
2026-05-13 13:41:02 [INFO] [NAS] йҖЈз·ҡжӯЈеёёпјҡ\\192.168.120.31\RawDataAI\YP\YPjob
2026-05-13 13:41:02 [INFO] --- й–Ӣе§ӢеўһйҮҸеҗҢжӯҘ ---
2026-05-13 13:41:21 [INFO] --- еўһйҮҸеҗҢжӯҘе®ҢжҲҗпјҢpageToken е·Іжӣҙж–° ---
2026-05-13 13:41:24 [INFO] [GitHub] sync.log е·ІжҺЁйҖҒиҮі https://github.com/cruz6739/GDriveSync-log
2026-05-13 13:41:24 [INFO] ====== GDriveSync зөҗжқҹ ======

2026-05-13 13:46:03 [INFO] ====== GDriveSync е•ҹеӢ• ======
2026-05-13 13:46:03 [INFO] иіҮж–ҷеә«еҲқе§ӢеҢ–е®ҢжҲҗ
2026-05-13 13:46:03 [INFO] file_cache is only supported with oauth2client<4.0.0
2026-05-13 13:46:03 [INFO] [NAS] йҖЈз·ҡжӯЈеёёпјҡ\\192.168.120.31\RawDataAI\YP\YPjob
2026-05-13 13:46:03 [INFO] --- й–Ӣе§ӢеўһйҮҸеҗҢжӯҘ ---
2026-05-13 13:46:26 [INFO] --- еўһйҮҸеҗҢжӯҘе®ҢжҲҗпјҢpageToken е·Іжӣҙж–° ---
2026-05-13 13:46:28 [INFO] [GitHub] sync.log е·ІжҺЁйҖҒиҮі https://github.com/cruz6739/GDriveSync-log
2026-05-13 13:46:28 [INFO] ====== GDriveSync зөҗжқҹ ======

2026-05-13 13:51:03 [INFO] ====== GDriveSync е•ҹеӢ• ======
2026-05-13 13:51:03 [INFO] иіҮж–ҷеә«еҲқе§ӢеҢ–е®ҢжҲҗ
2026-05-13 13:51:03 [INFO] file_cache is only supported with oauth2client<4.0.0
2026-05-13 13:51:03 [INFO] [NAS] йҖЈз·ҡжӯЈеёёпјҡ\\192.168.120.31\RawDataAI\YP\YPjob
2026-05-13 13:51:03 [INFO] --- й–Ӣе§ӢеўһйҮҸеҗҢжӯҘ ---
2026-05-13 13:51:21 [INFO] --- еўһйҮҸеҗҢжӯҘе®ҢжҲҗпјҢpageToken е·Іжӣҙж–° ---
2026-05-13 13:51:23 [INFO] [GitHub] sync.log е·ІжҺЁйҖҒиҮі https://github.com/cruz6739/GDriveSync-log
2026-05-13 13:51:23 [INFO] ====== GDriveSync зөҗжқҹ ======

2026-05-13 13:56:03 [INFO] ====== GDriveSync е•ҹеӢ• ======
2026-05-13 13:56:03 [INFO] иіҮж–ҷеә«еҲқе§ӢеҢ–е®ҢжҲҗ
2026-05-13 13:56:03 [INFO] file_cache is only supported with oauth2client<4.0.0
2026-05-13 13:56:03 [INFO] [NAS] йҖЈз·ҡжӯЈеёёпјҡ\\192.168.120.31\RawDataAI\YP\YPjob
2026-05-13 13:56:03 [INFO] --- й–Ӣе§ӢеўһйҮҸеҗҢжӯҘ ---
2026-05-13 13:56:22 [INFO] --- еўһйҮҸеҗҢжӯҘе®ҢжҲҗпјҢpageToken е·Іжӣҙж–° ---
